Thu Sep 22 17:00:53 2022 - ee5acf7d-0c06-4e6b-b436-d7bd660b64d1 - INCREASE 1 - 1
Thu Sep 22 17:00:54 2022 - ee5acf7d-0c06-4e6b-b436-d7bd660b64d1 - INCREASE 5 - 5
Thu Sep 22 17:00:58 2022 - ee5acf7d-0c06-4e6b-b436-d7bd660b64d1 - DECREASE 12 - -11
Thu Sep 22 17:00:59 2022 - ee5acf7d-0c06-4e6b-b436-d7bd660b64d1 - DECREASE 111 - -106
Thu Sep 22 17:01:03 2022 - ee5acf7d-0c06-4e6b-b436-d7bd660b64d1 - INCREASE 111 - 100
Thu Sep 22 17:01:04 2022 - ee5acf7d-0c06-4e6b-b436-d7bd660b64d1 - INCREASE 4 - -102
Thu Sep 22 17:01:08 2022 - ee5acf7d-0c06-4e6b-b436-d7bd660b64d1 - DECREASE 4 - 96
Thu Sep 22 17:01:09 2022 - ee5acf7d-0c06-4e6b-b436-d7bd660b64d1 - DECREASE 4 - -106
Thu Sep 22 17:01:13 2022 - ee5acf7d-0c06-4e6b-b436-d7bd660b64d1 - INCREASE 14 - 110
Thu Sep 22 17:01:14 2022 - ee5acf7d-0c06-4e6b-b436-d7bd660b64d1 - INCREASE 14 - -92
Thu Sep 22 17:01:18 2022 - ee5acf7d-0c06-4e6b-b436-d7bd660b64d1 - DECREASE 40 - 70
Thu Sep 22 17:01:23 2022 - ee5acf7d-0c06-4e6b-b436-d7bd660b64d1 - INCREASE 1 - 71
Thu Sep 22 17:01:28 2022 - ee5acf7d-0c06-4e6b-b436-d7bd660b64d1 - DECREASE 55 - 16
Thu Sep 22 17:01:33 2022 - ee5acf7d-0c06-4e6b-b436-d7bd660b64d1 - INCREASE 100 - 116
Thu Sep 22 17:01:38 2022 - ee5acf7d-0c06-4e6b-b436-d7bd660b64d1 - DECREASE 21 - 95
Thu Sep 22 17:01:43 2022 - ee5acf7d-0c06-4e6b-b436-d7bd660b64d1 - INCREASE 95 - 190
Thu Sep 22 17:01:48 2022 - ee5acf7d-0c06-4e6b-b436-d7bd660b64d1 - DECREASE 2 - 188
Thu Sep 22 17:15:38 2022 - ee5acf7d-0c06-4e6b-b436-d7bd660b64d1 - INCREASE 1 - 1
Thu Sep 22 17:15:43 2022 - ee5acf7d-0c06-4e6b-b436-d7bd660b64d1 - DECREASE 12 - -11
Thu Sep 22 17:15:48 2022 - ee5acf7d-0c06-4e6b-b436-d7bd660b64d1 - INCREASE 111 - 100
Thu Sep 22 17:15:53 2022 - ee5acf7d-0c06-4e6b-b436-d7bd660b64d1 - DECREASE 4 - 96
Thu Sep 22 17:15:58 2022 - ee5acf7d-0c06-4e6b-b436-d7bd660b64d1 - INCREASE 14 - 110
Thu Sep 22 17:16:03 2022 - ee5acf7d-0c06-4e6b-b436-d7bd660b64d1 - DECREASE 40 - 70
Thu Sep 22 17:16:05 2022 - ee5acf7d-0c06-4e6b-b436-d7bd660b64d1 - INCREASE 1 - 1
Thu Sep 22 17:16:08 2022 - ee5acf7d-0c06-4e6b-b436-d7bd660b64d1 - INCREASE 1 - 71
Thu Sep 22 17:16:10 2022 - ee5acf7d-0c06-4e6b-b436-d7bd660b64d1 - DECREASE 12 - -11
Thu Sep 22 17:16:29 2022 - ee5acf7d-0c06-4e6b-b436-d7bd660b64d1 - INCREASE 1 - 1
Thu Sep 22 17:16:34 2022 - ee5acf7d-0c06-4e6b-b436-d7bd660b64d1 - DECREASE 12 - -11
Thu Sep 22 17:18:50 2022 - ee5acf7d-0c06-4e6b-b436-d7bd660b64d1 - INCREASE 1 - 1
Thu Sep 22 17:18:55 2022 - ee5acf7d-0c06-4e6b-b436-d7bd660b64d1 - DECREASE 12 - -11
Thu Sep 22 17:21:46 2022 - ee5acf7d-0c06-4e6b-b436-d7bd660b64d1 - INCREASE 1 - 1
Thu Sep 22 17:21:51 2022 - ee5acf7d-0c06-4e6b-b436-d7bd660b64d1 - DECREASE 12 - -11
Thu Sep 22 17:23:47 2022 - ee5acf7d-0c06-4e6b-b436-d7bd660b64d1 - INCREASE 1 - 1
Thu Sep 22 17:23:52 2022 - ee5acf7d-0c06-4e6b-b436-d7bd660b64d1 - DECREASE 12 - -11
Thu Sep 22 17:27:45 2022 - ee5acf7d-0c06-4e6b-b436-d7bd660b64d1 - INCREASE 1 - 1
Thu Sep 22 17:27:50 2022 - ee5acf7d-0c06-4e6b-b436-d7bd660b64d1 - DECREASE 12 - -11
Thu Sep 22 17:32:37 2022 - ee5acf7d-0c06-4e6b-b436-d7bd660b64d1 - INCREASE 1 - 1
Thu Sep 22 17:32:42 2022 - ee5acf7d-0c06-4e6b-b436-d7bd660b64d1 - DECREASE 12 - -11
Thu Sep 22 17:47:14 2022 - ee5acf7d-0c06-4e6b-b436-d7bd660b64d1 - INCREASE 1 - 1
Thu Sep 22 17:47:19 2022 - ee5acf7d-0c06-4e6b-b436-d7bd660b64d1 - DECREASE 12 - -11
Thu Sep 22 17:49:09 2022 - ee5acf7d-0c06-4e6b-b436-d7bd660b64d1 - INCREASE 1 - 1
Thu Sep 22 17:49:14 2022 - ee5acf7d-0c06-4e6b-b436-d7bd660b64d1 - DECREASE 12 - -11
Thu Sep 22 17:58:49 2022 - ee5acf7d-0c06-4e6b-b436-d7bd660b64d1 - INCREASE 1 - 1
Thu Sep 22 17:58:52 2022 - ee5acf7d-0c06-4e6b-b436-d7bd660b64d1 - INCREASE 1 - 1
Thu Sep 22 17:58:54 2022 - ee5acf7d-0c06-4e6b-b436-d7bd660b64d1 - DECREASE 12 - -11
Thu Sep 22 17:58:57 2022 - ee5acf7d-0c06-4e6b-b436-d7bd660b64d1 - DECREASE 12 - -11
Thu Sep 22 17:59:02 2022 - ee5acf7d-0c06-4e6b-b436-d7bd660b64d1 - INCREASE 111 - 100
Thu Sep 22 17:59:07 2022 - ee5acf7d-0c06-4e6b-b436-d7bd660b64d1 - DECREASE 4 - 96
Thu Sep 22 17:59:12 2022 - ee5acf7d-0c06-4e6b-b436-d7bd660b64d1 - INCREASE 14 - 110
Thu Sep 22 17:59:17 2022 - ee5acf7d-0c06-4e6b-b436-d7bd660b64d1 - DECREASE 40 - 70
Thu Sep 22 17:59:22 2022 - ee5acf7d-0c06-4e6b-b436-d7bd660b64d1 - INCREASE 1 - 71
Thu Sep 22 17:59:27 2022 - ee5acf7d-0c06-4e6b-b436-d7bd660b64d1 - DECREASE 55 - 16
Thu Sep 22 17:59:41 2022 - ee5acf7d-0c06-4e6b-b436-d7bd660b64d1 - INCREASE 1 - 1
Thu Sep 22 17:59:42 2022 - ee5acf7d-0c06-4e6b-b436-d7bd660b64d1 - INCREASE 1 - 1
Thu Sep 22 17:59:46 2022 - ee5acf7d-0c06-4e6b-b436-d7bd660b64d1 - DECREASE 12 - -11
Thu Sep 22 17:59:47 2022 - ee5acf7d-0c06-4e6b-b436-d7bd660b64d1 - DECREASE 12 - -11
Thu Sep 22 17:59:52 2022 - ee5acf7d-0c06-4e6b-b436-d7bd660b64d1 - INCREASE 111 - 100
Thu Sep 22 17:59:57 2022 - ee5acf7d-0c06-4e6b-b436-d7bd660b64d1 - DECREASE 4 - 96
Thu Sep 22 18:00:02 2022 - ee5acf7d-0c06-4e6b-b436-d7bd660b64d1 - INCREASE 14 - 110
Thu Sep 22 18:00:07 2022 - ee5acf7d-0c06-4e6b-b436-d7bd660b64d1 - DECREASE 40 - 70
Thu Sep 22 18:00:12 2022 - ee5acf7d-0c06-4e6b-b436-d7bd660b64d1 - INCREASE 1 - 71
Thu Sep 22 18:00:17 2022 - ee5acf7d-0c06-4e6b-b436-d7bd660b64d1 - DECREASE 55 - 16
Thu Sep 22 18:00:22 2022 - ee5acf7d-0c06-4e6b-b436-d7bd660b64d1 - INCREASE 100 - 116
Thu Sep 22 18:00:27 2022 - ee5acf7d-0c06-4e6b-b436-d7bd660b64d1 - DECREASE 21 - 95
Thu Sep 22 18:00:32 2022 - ee5acf7d-0c06-4e6b-b436-d7bd660b64d1 - INCREASE 95 - 190
Thu Sep 22 18:00:37 2022 - ee5acf7d-0c06-4e6b-b436-d7bd660b64d1 - DECREASE 2 - 188
Thu Sep 22 18:01:08 2022 - ee5acf7d-0c06-4e6b-b436-d7bd660b64d1 - INCREASE 1 - 1
Thu Sep 22 18:01:10 2022 - ee5acf7d-0c06-4e6b-b436-d7bd660b64d1 - INCREASE 1 - 1
Thu Sep 22 18:01:13 2022 - ee5acf7d-0c06-4e6b-b436-d7bd660b64d1 - DECREASE 12 - -11
Thu Sep 22 18:01:15 2022 - ee5acf7d-0c06-4e6b-b436-d7bd660b64d1 - DECREASE 12 - -11
Thu Sep 22 18:01:20 2022 - ee5acf7d-0c06-4e6b-b436-d7bd660b64d1 - INCREASE 111 - 100
Thu Sep 22 18:01:25 2022 - ee5acf7d-0c06-4e6b-b436-d7bd660b64d1 - DECREASE 4 - 96
Thu Sep 22 18:01:30 2022 - ee5acf7d-0c06-4e6b-b436-d7bd660b64d1 - INCREASE 14 - 110
Thu Sep 22 18:01:35 2022 - ee5acf7d-0c06-4e6b-b436-d7bd660b64d1 - DECREASE 40 - 70
Thu Sep 22 18:01:40 2022 - ee5acf7d-0c06-4e6b-b436-d7bd660b64d1 - INCREASE 1 - 71
Thu Sep 22 18:01:45 2022 - ee5acf7d-0c06-4e6b-b436-d7bd660b64d1 - DECREASE 55 - 16
Thu Sep 22 18:01:50 2022 - ee5acf7d-0c06-4e6b-b436-d7bd660b64d1 - INCREASE 100 - 116
Thu Sep 22 18:01:55 2022 - ee5acf7d-0c06-4e6b-b436-d7bd660b64d1 - DECREASE 21 - 95
Thu Sep 22 18:02:00 2022 - ee5acf7d-0c06-4e6b-b436-d7bd660b64d1 - INCREASE 95 - 190
Thu Sep 22 18:02:05 2022 - ee5acf7d-0c06-4e6b-b436-d7bd660b64d1 - DECREASE 2 - 188
Sat Sep 24 18:55:58 2022 - ee5acf7d-0c06-4e6b-b436-d7bd660b64d1 - INCREASE 1 - 1
Sat Sep 24 18:56:03 2022 - ee5acf7d-0c06-4e6b-b436-d7bd660b64d1 - DECREASE 12 - -11
Sat Sep 24 18:56:04 2022 - ee5acf7d-0c06-4e6b-b436-d7bd660b64d1 - INCREASE 1 - 1
Sat Sep 24 18:56:09 2022 - ee5acf7d-0c06-4e6b-b436-d7bd660b64d1 - DECREASE 12 - -11
Sat Sep 24 18:56:14 2022 - ee5acf7d-0c06-4e6b-b436-d7bd660b64d1 - INCREASE 111 - 100
Sat Sep 24 18:56:19 2022 - ee5acf7d-0c06-4e6b-b436-d7bd660b64d1 - DECREASE 4 - 96
Sat Sep 24 18:58:26 2022 - ee5acf7d-0c06-4e6b-b436-d7bd660b64d1 - INCREASE 1 - 1
Sat Sep 24 18:58:29 2022 - ee5acf7d-0c06-4e6b-b436-d7bd660b64d1 - INCREASE 1 - 1
Sat Sep 24 18:58:31 2022 - ee5acf7d-0c06-4e6b-b436-d7bd660b64d1 - DECREASE 12 - -11
Sat Sep 24 19:00:24 2022 - ee5acf7d-0c06-4e6b-b436-d7bd660b64d1 - INCREASE 1 - 1
Sat Sep 24 19:00:26 2022 - ee5acf7d-0c06-4e6b-b436-d7bd660b64d1 - DECREASE 12 - -11
Sat Sep 24 19:03:18 2022 - ee5acf7d-0c06-4e6b-b436-d7bd660b64d1 - INCREASE 1 - 1
Sat Sep 24 19:03:23 2022 - ee5acf7d-0c06-4e6b-b436-d7bd660b64d1 - DECREASE 12 - -11
Sat Sep 24 19:03:56 2022 - ee5acf7d-0c06-4e6b-b436-d7bd660b64d1 - INCREASE 1 - 1
Sat Sep 24 19:04:01 2022 - ee5acf7d-0c06-4e6b-b436-d7bd660b64d1 - DECREASE 12 - -11
Sat Sep 24 19:04:46 2022 - ee5acf7d-0c06-4e6b-b436-d7bd660b64d1 - INCREASE 1 - 1
Sat Sep 24 19:05:19 2022 - ee5acf7d-0c06-4e6b-b436-d7bd660b64d1 - INCREASE 1 - 1
Sat Sep 24 19:05:24 2022 - ee5acf7d-0c06-4e6b-b436-d7bd660b64d1 - DECREASE 12 - -11
Sat Sep 24 19:05:25 2022 - ee5acf7d-0c06-4e6b-b436-d7bd660b64d1 - INCREASE 1 - 1
Sat Sep 24 19:06:14 2022 - ee5acf7d-0c06-4e6b-b436-d7bd660b64d1 - INCREASE 1 - 1
Sat Sep 24 19:06:22 2022 - ee5acf7d-0c06-4e6b-b436-d7bd660b64d1 - DECREASE 12 - -11
Sat Sep 24 19:06:26 2022 - ee5acf7d-0c06-4e6b-b436-d7bd660b64d1 - INCREASE 1 - 1
Sat Sep 24 19:06:54 2022 - ee5acf7d-0c06-4e6b-b436-d7bd660b64d1 - INCREASE 1 - 1
Sat Sep 24 19:08:11 2022 - ee5acf7d-0c06-4e6b-b436-d7bd660b64d1 - INCREASE 1 - 1
Sat Sep 24 19:23:02 2022 - ee5acf7d-0c06-4e6b-b436-d7bd660b64d1 - INCREASE 1 - 1
Sat Sep 24 21:14:42 2022 - ee5acf7d-0c06-4e6b-b436-d7bd660b64d1 - INCREASE 1 - 1
Sat Sep 24 21:14:46 2022 - ee5acf7d-0c06-4e6b-b436-d7bd660b64d1 - INCREASE 1 - 2
Sat Sep 24 21:16:22 2022 - ee5acf7d-0c06-4e6b-b436-d7bd660b64d1 - DECREASE 12 - -10
Sat Sep 24 21:16:26 2022 - ee5acf7d-0c06-4e6b-b436-d7bd660b64d1 - DECREASE 12 - -22
Sat Sep 24 21:19:39 2022 - ee5acf7d-0c06-4e6b-b436-d7bd660b64d1 - INCREASE 1 - 1
Sat Sep 24 21:19:40 2022 - ee5acf7d-0c06-4e6b-b436-d7bd660b64d1 - INCREASE 1 - 2
Sat Sep 24 21:21:19 2022 - ee5acf7d-0c06-4e6b-b436-d7bd660b64d1 - DECREASE 12 - -10
Sat Sep 24 21:21:20 2022 - ee5acf7d-0c06-4e6b-b436-d7bd660b64d1 - DECREASE 12 - -22
Sat Sep 24 21:23:46 2022 - ee5acf7d-0c06-4e6b-b436-d7bd660b64d1 - INCREASE 1 - 1Sat Nov  5 17:47:31 2022 - 5637857d-0564-4345-aaae-fe1ee96f01a9 - INCREASE 1 - 1
Sat Nov  5 17:47:36 2022 - 5637857d-0564-4345-aaae-fe1ee96f01a9 - INCREASE 1 - 2
Sat Nov  5 17:47:41 2022 - 5637857d-0564-4345-aaae-fe1ee96f01a9 - INCREASE 1 - 3
Sat Nov  5 17:47:46 2022 - 5637857d-0564-4345-aaae-fe1ee96f01a9 - INCREASE 1 - 4
Sat Nov  5 17:47:51 2022 - 5637857d-0564-4345-aaae-fe1ee96f01a9 - INCREASE 1 - 5
Sat Nov  5 17:47:56 2022 - 5637857d-0564-4345-aaae-fe1ee96f01a9 - INCREASE 1 - 6
Sat Nov  5 17:48:01 2022 - 5637857d-0564-4345-aaae-fe1ee96f01a9 - INCREASE 1 - 7
Sat Nov  5 17:48:06 2022 - 5637857d-0564-4345-aaae-fe1ee96f01a9 - INCREASE 1 - 8
Sat Nov  5 17:48:11 2022 - 5637857d-0564-4345-aaae-fe1ee96f01a9 - INCREASE 1 - 9
Sat Nov  5 17:48:16 2022 - 5637857d-0564-4345-aaae-fe1ee96f01a9 - DECREASE 12 - -3
Mon Nov  7 14:30:48 2022 - 5637857d-0564-4345-aaae-fe1ee96f01a9 - INCREASE 1 - 1
Mon Nov  7 14:30:53 2022 - 5637857d-0564-4345-aaae-fe1ee96f01a9 - INCREASE 1 - 2
Mon Nov  7 14:30:58 2022 - 5637857d-0564-4345-aaae-fe1ee96f01a9 - INCREASE 1 - 3
Mon Nov  7 14:31:03 2022 - 5637857d-0564-4345-aaae-fe1ee96f01a9 - INCREASE 1 - 4
Mon Nov  7 14:31:08 2022 - 5637857d-0564-4345-aaae-fe1ee96f01a9 - INCREASE 1 - 5
Mon Nov  7 14:31:13 2022 - 5637857d-0564-4345-aaae-fe1ee96f01a9 - INCREASE 1 - 6
Mon Nov  7 14:31:18 2022 - 5637857d-0564-4345-aaae-fe1ee96f01a9 - INCREASE 1 - 7
Mon Nov  7 14:31:23 2022 - 5637857d-0564-4345-aaae-fe1ee96f01a9 - INCREASE 1 - 8
Mon Nov  7 14:31:28 2022 - 5637857d-0564-4345-aaae-fe1ee96f01a9 - INCREASE 1 - 9
Mon Nov  7 14:31:33 2022 - 5637857d-0564-4345-aaae-fe1ee96f01a9 - DECREASE 12 - -3
Mon Nov  7 14:37:35 2022 - 5637857d-0564-4345-aaae-fe1ee96f01a9 - INCREASE 1 - 1
Mon Nov  7 14:37:40 2022 - 5637857d-0564-4345-aaae-fe1ee96f01a9 - INCREASE 1 - 2
Mon Nov  7 14:37:45 2022 - 5637857d-0564-4345-aaae-fe1ee96f01a9 - INCREASE 1 - 3
Mon Nov  7 14:37:50 2022 - 5637857d-0564-4345-aaae-fe1ee96f01a9 - INCREASE 1 - 4
Mon Nov  7 14:37:55 2022 - 5637857d-0564-4345-aaae-fe1ee96f01a9 - INCREASE 1 - 5
Mon Nov  7 14:38:00 2022 - 5637857d-0564-4345-aaae-fe1ee96f01a9 - INCREASE 1 - 6
Mon Nov  7 14:38:05 2022 - 5637857d-0564-4345-aaae-fe1ee96f01a9 - INCREASE 1 - 7
Mon Nov  7 14:38:10 2022 - 5637857d-0564-4345-aaae-fe1ee96f01a9 - INCREASE 1 - 8
Mon Nov  7 14:38:15 2022 - 5637857d-0564-4345-aaae-fe1ee96f01a9 - INCREASE 1 - 9
Mon Nov  7 14:39:13 2022 - 5637857d-0564-4345-aaae-fe1ee96f01a9 - INCREASE 1 - 1
Mon Nov  7 14:39:18 2022 - 5637857d-0564-4345-aaae-fe1ee96f01a9 - INCREASE 1 - 2
Mon Nov  7 14:39:23 2022 - 5637857d-0564-4345-aaae-fe1ee96f01a9 - INCREASE 1 - 3
Mon Nov  7 14:39:28 2022 - 5637857d-0564-4345-aaae-fe1ee96f01a9 - INCREASE 1 - 4
Mon Nov  7 14:39:33 2022 - 5637857d-0564-4345-aaae-fe1ee96f01a9 - INCREASE 1 - 5
Mon Nov  7 14:39:43 2022 - 5637857d-0564-4345-aaae-fe1ee96f01a9 - INCREASE 1 - 6
Mon Nov  7 14:39:48 2022 - 5637857d-0564-4345-aaae-fe1ee96f01a9 - INCREASE 1 - 7
Mon Nov  7 14:39:53 2022 - 5637857d-0564-4345-aaae-fe1ee96f01a9 - INCREASE 1 - 8
Mon Nov  7 14:39:58 2022 - 5637857d-0564-4345-aaae-fe1ee96f01a9 - DECREASE 12 - -4
Mon Nov  7 15:04:08 2022 - 5637857d-0564-4345-aaae-fe1ee96f01a9 - INCREASE 1 - 1
Mon Nov  7 15:04:14 2022 - 5637857d-0564-4345-aaae-fe1ee96f01a9 - INCREASE 1 - 2
Mon Nov  7 15:04:30 2022 - 5637857d-0564-4345-aaae-fe1ee96f01a9 - INCREASE 1 - 1
Mon Nov  7 15:04:35 2022 - 5637857d-0564-4345-aaae-fe1ee96f01a9 - INCREASE 1 - 2
Mon Nov  7 15:04:40 2022 - 5637857d-0564-4345-aaae-fe1ee96f01a9 - INCREASE 1 - 3
Mon Nov  7 15:05:08 2022 - 5637857d-0564-4345-aaae-fe1ee96f01a9 - INCREASE 1 - 1
Mon Nov  7 15:05:13 2022 - 5637857d-0564-4345-aaae-fe1ee96f01a9 - INCREASE 1 - 2
Mon Nov  7 15:05:18 2022 - 5637857d-0564-4345-aaae-fe1ee96f01a9 - INCREASE 1 - 3
Mon Nov  7 15:05:23 2022 - 5637857d-0564-4345-aaae-fe1ee96f01a9 - INCREASE 1 - 4
Mon Nov  7 15:06:02 2022 - 5637857d-0564-4345-aaae-fe1ee96f01a9 - INCREASE 1 - 1
Mon Nov  7 15:06:07 2022 - 5637857d-0564-4345-aaae-fe1ee96f01a9 - INCREASE 1 - 2
Mon Nov  7 15:07:55 2022 - 5637857d-0564-4345-aaae-fe1ee96f01a9 - INCREASE 1 - 1
Mon Nov  7 15:08:01 2022 - 5637857d-0564-4345-aaae-fe1ee96f01a9 - INCREASE 1 - 2
Mon Nov  7 15:08:07 2022 - 5637857d-0564-4345-aaae-fe1ee96f01a9 - INCREASE 1 - 3
Mon Nov  7 15:08:13 2022 - 5637857d-0564-4345-aaae-fe1ee96f01a9 - INCREASE 1 - 4
Mon Nov  7 15:08:19 2022 - 5637857d-0564-4345-aaae-fe1ee96f01a9 - INCREASE 1 - 5
Mon Nov  7 15:08:30 2022 - 5637857d-0564-4345-aaae-fe1ee96f01a9 - INCREASE 1 - 6
Mon Nov  7 15:08:36 2022 - 5637857d-0564-4345-aaae-fe1ee96f01a9 - INCREASE 1 - 7
Mon Nov  7 15:09:08 2022 - 5637857d-0564-4345-aaae-fe1ee96f01a9 - INCREASE 1 - 1
Mon Nov  7 15:09:13 2022 - 5637857d-0564-4345-aaae-fe1ee96f01a9 - INCREASE 1 - 2
Mon Nov  7 15:09:18 2022 - 5637857d-0564-4345-aaae-fe1ee96f01a9 - INCREASE 1 - 3
Mon Nov  7 15:09:54 2022 - 5637857d-0564-4345-aaae-fe1ee96f01a9 - INCREASE 1 - 1
Mon Nov  7 15:09:59 2022 - 5637857d-0564-4345-aaae-fe1ee96f01a9 - INCREASE 1 - 2
Mon Nov  7 15:10:04 2022 - 5637857d-0564-4345-aaae-fe1ee96f01a9 - INCREASE 1 - 3
Mon Nov  7 15:10:50 2022 - 5637857d-0564-4345-aaae-fe1ee96f01a9 - INCREASE 1 - 1
Mon Nov  7 15:10:55 2022 - 5637857d-0564-4345-aaae-fe1ee96f01a9 - INCREASE 1 - 2
Mon Nov  7 15:11:00 2022 - 5637857d-0564-4345-aaae-fe1ee96f01a9 - INCREASE 1 - 3
